Current configuration:
[NAME]		[DEFLT]	[VALUE]
-accumdir		E:/Speech/Working/sphinx/simple_pj/bwaccumdir/simple_pj_buff_1,
-constE		3.0	3.000000e+00
-dcountfn		
-example	no	no
-fullvar	no	no
-help		no	no
-inmeanfn		
-inmixwfn		
-invarfn		
-meanfn			E:\Speech\Working\sphinx\simple_pj\model_parameters\simple_pj.ci_cont_flatinitial\globalmean
-mixwfn			
-mmie		no	no
-oaccumdir		
-regmatfn		
-tiedvar	no	no
-tmatfn			
-varfn			

INFO: main.c(147): No -mixwfn specified, will skip if any
INFO: main.c(150): No -tmatfn specified, will skip if any
INFO: main.c(156): No -varfn specified, will skip if any
INFO: main.c(207): Reading and accumulating counts from E:/Speech/Working/sphinx/simple_pj/bwaccumdir/simple_pj_buff_1
INFO: s3gau_io.c(386): Read E:/Speech/Working/sphinx/simple_pj/bwaccumdir/simple_pj_buff_1/gauden_counts with means [1x1x1 vector arrays]
INFO: main.c(321): -2passvar yes
INFO: main.c(391): Normalizing mean for n_mgau= 1, n_stream= 1, n_density= 1
INFO: s3gau_io.c(228): Wrote E:\Speech\Working\sphinx\simple_pj\model_parameters\simple_pj.ci_cont_flatinitial\globalmean [1x1x1 array]
Sat Apr 13 00:05:27 2019
