INFO: main.c(229): Compiled on Mar 18 2019 at 13:35:46
Current configuration:
[NAME]		[DEFLT]		[VALUE]
-2passvar	no		yes
-abeam		1e-100		1.000000e-90
-accumdir			E:/Speech/Working/sphinx/simple_pj/bwaccumdir/simple_pj_buff_1
-agc		none		none
-agcthresh	2.0		2.000000e+00
-bbeam		1e-100		1.000000e-10
-cb2mllrfn	.1cls.		.1cls.
-cepdir				E:/Speech/Working/sphinx/simple_pj/feat
-cepext		mfc		mfc
-ceplen		13		13
-ckptintv			0
-cmn		live		batch
-cmninit	40,3,-1		40,3,-1
-ctlfn				E:/Speech/Working/sphinx/simple_pj/etc/simple_pj_train.fileids
-diagfull	no		no
-dictfn				E:/Speech/Working/sphinx/simple_pj/etc/simple_pj.dic
-example	no		no
-fdictfn			E:/Speech/Working/sphinx/simple_pj/etc/simple_pj.filler
-feat		1s_c_d_dd	1s_c_d_dd
-fullvar	no		no
-help		no		no
-hmmdir				
-latdir				
-latext				
-lda				
-ldadim		0		0
-lsnfn				E:/Speech/Working/sphinx/simple_pj/etc/simple_pj_train.transcription
-lw		11.5		1.150000e+01
-maxuttlen	0		0
-meanfn				E:/Speech/Working/sphinx/simple_pj/model_parameters/simple_pj.ci_cont/means
-meanreest	yes		yes
-mixwfn				E:/Speech/Working/sphinx/simple_pj/model_parameters/simple_pj.ci_cont/mixture_weights
-mixwreest	yes		yes
-mllrmat			
-mmie		no		no
-mmie_type	rand		rand
-moddeffn			E:/Speech/Working/sphinx/simple_pj/model_architecture/simple_pj.ci.mdef
-mwfloor	0.00001		1.000000e-08
-npart				1
-nskip				0
-outphsegdir			
-outputfullpath	no		no
-part				1
-pdumpdir			
-phsegdir			
-phsegext	phseg		phseg
-runlen		-1		-1
-sentdir			
-sentext	sent		sent
-spthresh	0.0		0.000000e+00
-svspec				
-timing		yes		no
-tmatfn				E:/Speech/Working/sphinx/simple_pj/model_parameters/simple_pj.ci_cont/transition_matrices
-tmatreest	yes		yes
-topn		4		1
-tpfloor	0.0001		1.000000e-04
-ts2cbfn			.cont.
-varfloor	0.00001		1.000000e-04
-varfn				E:/Speech/Working/sphinx/simple_pj/model_parameters/simple_pj.ci_cont/variances
-varnorm	no		no
-varreest	yes		yes
-viterbi	no		no

INFO: feat.c(715): Initializing feature stream to type: '1s_c_d_dd', ceplen=13, CMN='batch', VARNORM='no', AGC='none'
INFO: main.c(318): Reading E:/Speech/Working/sphinx/simple_pj/model_architecture/simple_pj.ci.mdef
INFO: model_def_io.c(573): Model definition info:
INFO: model_def_io.c(574): 23 total models defined (23 base, 0 tri)
INFO: model_def_io.c(575): 92 total states
INFO: model_def_io.c(576): 69 total tied states
INFO: model_def_io.c(577): 69 total tied CI states
INFO: model_def_io.c(578): 23 total tied transition matrices
INFO: model_def_io.c(579): 4 max state/model
INFO: model_def_io.c(580): 4 min state/model
INFO: s3mixw_io.c(117): Read E:/Speech/Working/sphinx/simple_pj/model_parameters/simple_pj.ci_cont/mixture_weights [69x1x1 array]
INFO: s3tmat_io.c(118): Read E:/Speech/Working/sphinx/simple_pj/model_parameters/simple_pj.ci_cont/transition_matrices [23x3x4 array]
INFO: mod_inv.c(301): inserting tprob floor 1.000000e-04 and renormalizing
INFO: s3gau_io.c(169): Read E:/Speech/Working/sphinx/simple_pj/model_parameters/simple_pj.ci_cont/means [69x1x1 array]
INFO: s3gau_io.c(169): Read E:/Speech/Working/sphinx/simple_pj/model_parameters/simple_pj.ci_cont/variances [69x1x1 array]
INFO: gauden.c(176): 69 total mgau
INFO: gauden.c(150): 1 feature streams (|0|=39 )
INFO: gauden.c(187): 1 total densities
INFO: gauden.c(90): min_var=1.000000e-04
INFO: gauden.c(165): compute 1 densities/frame
INFO: main.c(431): Will reestimate mixing weights.
INFO: main.c(433): Will reestimate means.
INFO: main.c(435): Will reestimate variances.
INFO: main.c(443): Will reestimate transition matrices
INFO: main.c(456): Reading main dictionary: E:/Speech/Working/sphinx/simple_pj/etc/simple_pj.dic
INFO: lexicon.c(221): 14 entries added from E:/Speech/Working/sphinx/simple_pj/etc/simple_pj.dic
INFO: main.c(466): Reading filler dictionary: E:/Speech/Working/sphinx/simple_pj/etc/simple_pj.filler
INFO: lexicon.c(221): 3 entries added from E:/Speech/Working/sphinx/simple_pj/etc/simple_pj.filler
INFO: corpus.c(1062): Will process all remaining utts starting at 0
INFO: main.c(665): Reestimation: Baum-Welch
INFO: cmn.c(133): CMN: 58.67 11.02 -12.95 19.90 -20.02 -15.62 -1.16 -0.83 -10.43 -1.76  2.59  0.06  8.04 
column defns
	<seq>
	<id>
	<n_frame_in>
	<n_frame_del>
	<n_state_shmm>
	<avg_states_alpha>
	<avg_states_beta>
	<avg_states_reest>
	<avg_posterior_prune>
	<frame_log_lik>
	<utt_log_lik>
	... timing info ... 
utt>     0                    file-1  434    0INFO: cvt2triphone.c(199): no multiphones defined, no conversion done
   104 11  1 2 1.236378e-12 -1.496762e+02 -6.495946e+04
INFO: cmn.c(133): CMN: 58.12 10.47 -10.98 20.13 -21.08 -13.97  1.54 -5.62 -8.79 -4.37  3.63  2.25  3.94 
utt>     1                    file-2  431    0   104 11  1 2 1.832924e-12 -1.489799e+02 -6.421033e+04
INFO: cmn.c(133): CMN: 57.89 11.09 -12.01 22.24 -19.33 -14.97  0.74 -5.03 -7.04 -2.63  4.23  3.73  4.36 
utt>     2                    file-3  439    0   104 10  1 2 1.838023e-12 -1.490802e+02 -6.544623e+04
INFO: cmn.c(133): CMN: 58.36 10.45 -12.14 20.16 -23.38 -14.21  6.63 -5.39 -8.70 -6.14  0.76  1.91  4.90 
utt>     3                    file-4  435    0   104 11  1 2 1.928340e-12 -1.500510e+02 -6.527218e+04
INFO: cmn.c(133): CMN: 57.56 11.96 -11.00 16.68 -18.57 -15.40  1.44 -0.69 -10.38 -4.50  4.45  3.62  4.78 
utt>     4                    file-5  426    0   104 11  1 2 3.045059e-12 -1.501442e+02 -6.396142e+04
INFO: cmn.c(133): CMN: 57.95 11.86 -11.42 16.53 -19.04 -16.18  0.71 -3.94 -8.98 -8.82  2.06  1.33  5.26 
utt>     5                    file-6  426    0   104 11  1 2 1.945182e-12 -1.497036e+02 -6.377372e+04
INFO: cmn.c(133): CMN: 58.52 10.56 -12.76 18.59 -18.33 -15.69 -1.27 -0.48 -8.79 -6.75  2.99  0.89  6.77 
utt>     6                    file-7  450    0   104 11  1 3 2.705003e-12 -1.496105e+02 -6.732474e+04
INFO: cmn.c(133): CMN: 58.16 11.39 -13.18 20.52 -18.74 -18.43 -1.73 -2.39 -8.22 -0.62  0.57 -1.21  7.51 
utt>     7                    file-8  438    0   104 11  1 2 1.894353e-12 -1.499179e+02 -6.566404e+04
INFO: cmn.c(133): CMN: 58.56  9.99 -10.83 19.87 -25.20 -12.19  1.94 -8.74 -6.71 -7.28  6.32 -0.37  0.45 
utt>     8                    file-9  441    0   104 11  1 3 1.793265e-12 -1.498681e+02 -6.609182e+04
INFO: cmn.c(133): CMN: 58.47 10.38 -7.92 21.58 -27.78 -11.04  4.10 -10.57 -4.83 -6.00  7.55  0.58  0.64 
utt>     9                   file-10  441    0   104 11  1 2 1.756723e-12 -1.502103e+02 -6.624275e+04
INFO: cmn.c(133): CMN: 59.02 10.44 -15.64 18.44 -21.53 -15.98  2.70 -1.65 -10.50 -4.30  4.73  5.30  5.50 
utt>    10                   file-11  435    0   104 11  1 2 1.885393e-12 -1.493136e+02 -6.495141e+04
INFO: cmn.c(133): CMN: 59.12 12.90 -10.04 18.47 -25.30 -15.30  0.70 -7.29 -9.66 -5.15  5.78  5.38  3.67 
utt>    11                   file-12  404    0   104 11  1 3 1.741333e-12 -1.510614e+02 -6.102880e+04
INFO: cmn.c(133): CMN: 59.56 12.77 -13.99 21.48 -21.18 -18.62 -1.30 -1.84 -8.01 -1.58  0.33  0.50  7.34 
utt>    12                   file-13  437    0   104 11  1 3 1.990156e-12 -1.502660e+02 -6.566625e+04
INFO: cmn.c(133): CMN: 58.31 10.93 -10.51 21.57 -17.90 -17.78 -2.82  1.71 -7.49 -2.53  0.75 -1.81  5.87 
utt>    13                   file-14  438    0   104 11  1 3 2.225461e-12 -1.515984e+02 -6.640012e+04
INFO: cmn.c(133): CMN: 57.76 10.09 -12.88 19.11 -19.54 -14.64 -1.52  0.13 -8.78 -2.00  3.83  1.88  6.29 
utt>    14                   file-15  432    0   104 11  1 2 2.023124e-12 -1.491272e+02 -6.442296e+04
INFO: cmn.c(133): CMN: 58.99 10.64 -13.13 18.52 -23.69 -17.05 -0.46 -4.03 -8.65 -6.41 -1.52 -0.78  6.93 
utt>    15                   file-16  431    0   104 11  1 2 2.070645e-12 -1.504489e+02 -6.484345e+04
INFO: cmn.c(133): CMN: 59.05  9.01 -11.43 24.87 -23.88 -12.84  2.70 -5.84 -6.23 -5.51  2.08  3.46  3.15 
utt>    16                   file-17  437    0   104 11  1 3 2.105748e-12 -1.503363e+02 -6.569694e+04
INFO: cmn.c(133): CMN: 58.40 10.51 -9.48 20.44 -25.44 -9.66  1.85 -8.55 -2.29 -10.73  7.25 -1.47  2.50 
utt>    17                   file-18  426    0   104 11  1 2 1.880039e-12 -1.501846e+02 -6.397866e+04
INFO: cmn.c(133): CMN: 58.88 11.80 -12.13 18.93 -22.65 -15.41  3.72 -6.37 -7.08 -7.06  6.11  2.94  4.19 
utt>    18                   file-19  411    0   104 11  1 2 2.272396e-12 -1.505346e+02 -6.186972e+04
INFO: cmn.c(133): CMN: 58.99 12.68 -13.27 18.61 -20.81 -19.48  1.30 -2.85 -8.85 -4.82  1.01  1.62  6.16 
utt>    19                   file-20  422    0   104 11  1 2 1.850298e-12 -1.503161e+02 -6.343338e+04
INFO: cmn.c(133): CMN: 51.58  3.43 -4.51 17.43 -12.73 -10.43  3.06 -1.37 -2.82  0.98 -5.97 -7.96  5.49 
utt>    20                   file-21  234    0    48 9  1 2 1.238549e-12 -1.494344e+02 -3.496765e+04
INFO: cmn.c(133): CMN: 53.60  5.48 -7.61 13.71 -18.45 -9.51  9.47 -6.60 -6.57  3.20 -1.58 -2.18  1.96 
utt>    21                   file-22  248    0    48 8  1 2 8.757253e-13 -1.465467e+02 -3.634359e+04
INFO: cmn.c(133): CMN: 54.11  5.99 -7.23 14.81 -18.19 -5.53  7.34 -10.73 -1.69  5.38 -0.95 -1.24  2.42 
utt>    22                   file-23  243    0    48 8  1 2 8.796827e-13 -1.466783e+02 -3.564284e+04
INFO: cmn.c(133): CMN: 55.56  6.67 -10.24 12.01 -10.76 -6.65  0.80 -2.49 -5.15 -3.18 -0.61 -1.05  7.35 
utt>    23                   file-24  240    0    48 9  1 2 2.070597e-12 -1.459480e+02 -3.502752e+04
INFO: cmn.c(133): CMN: 54.46  6.89 -5.88 15.43 -23.76 -8.77 11.57 -11.69 -6.42  3.18 -3.09 -1.20  3.39 
utt>    24                   file-25  231    0    48 8  1 2 9.379273e-13 -1.476923e+02 -3.411692e+04
INFO: cmn.c(133): CMN: 54.61  6.07 -7.09 13.76 -16.34 -5.74  6.81 -8.71 -2.49  2.14 -3.72  0.52  4.15 
utt>    25                   file-26  245    0    48 8  1 2 6.250487e-13 -1.463140e+02 -3.584692e+04
INFO: cmn.c(133): CMN: 54.47  4.46 -6.75 13.37 -17.16 -3.55  5.45 -8.76 -2.27  1.18 -2.98  0.91  7.13 
utt>    26                   file-27  245    0    48 8  1 2 1.426572e-12 -1.466559e+02 -3.593069e+04
INFO: cmn.c(133): CMN: 54.90  6.26 -9.03 14.27 -17.40 -4.72  9.20 -10.74  1.79  1.07 -5.36  0.83  3.87 
utt>    27                   file-28  237    0    48 9  1 2 9.115077e-13 -1.470490e+02 -3.485061e+04
INFO: cmn.c(133): CMN: 55.03  5.29 -6.74 14.51 -14.78 -4.65  4.03 -3.39 -4.21  3.13 -4.17  1.17  6.58 
utt>    28                   file-29  231    0    48 9  1 2 2.011395e-12 -1.477841e+02 -3.413812e+04
INFO: cmn.c(133): CMN: 54.02  3.30 -7.98 14.53 -13.05 -4.41  1.28 -6.82 -1.34  2.85 -4.03 -5.66  6.72 
utt>    29                   file-30  252    0    48 8  1 2 7.131370e-13 -1.466810e+02 -3.696360e+04
INFO: cmn.c(133): CMN: 54.23  4.63 -8.53 14.88 -17.22 -2.62  9.72 -4.82  1.53 -1.10 -3.43  2.34  1.73 
utt>    30                   file-31  246    0    48 9  1 2 1.399750e-12 -1.472616e+02 -3.622635e+04
INFO: cmn.c(133): CMN: 54.31  4.81 -7.46 10.98 -13.96 -1.31  4.40 -6.72 -1.51  3.18 -6.16 -0.87  6.80 
utt>    31                   file-32  239    0    48 9  1 2 1.312126e-12 -1.468011e+02 -3.508547e+04
INFO: cmn.c(133): CMN: 54.59  4.84 -6.25 11.97 -17.20 -3.11  5.60 -10.26 -6.48  4.58 -3.09  0.25  3.33 
utt>    32                   file-33  236    0    48 9  1 2 6.512468e-13 -1.455452e+02 -3.434866e+04
INFO: cmn.c(133): CMN: 53.63  4.57 -7.88 11.24 -9.02 -3.01  4.23 -6.60 -1.63  3.62 -3.83 -0.68  7.85 
utt>    33                   file-34  248    0    48 9  1 2 5.455701e-13 -1.467733e+02 -3.639979e+04
INFO: cmn.c(133): CMN: 54.81  4.02 -8.03 14.64 -15.89 -6.57  3.18 -6.79 -4.65  3.99 -3.97 -4.83  8.11 
utt>    34                   file-35  219    0    48 9  1 2 2.686237e-12 -1.478398e+02 -3.237691e+04
INFO: cmn.c(133): CMN: 53.51  3.56 -5.49 10.58 -17.79 -3.25  7.18 -9.65 -5.07  9.39 -3.25 -3.10  8.25 
utt>    35                   file-36  228    0    48 9  1 2 4.259622e-13 -1.494301e+02 -3.407007e+04
INFO: cmn.c(133): CMN: 55.29  5.18 -6.67 14.59 -18.59 -7.67  8.75 -12.55 -5.33  6.39 -3.20 -1.71  6.00 
utt>    36                   file-37  218    0    48 8  1 2 9.353670e-13 -1.462355e+02 -3.187934e+04
INFO: cmn.c(133): CMN: 54.24  3.82 -6.68 16.54 -17.52 -5.64  7.86 -7.63 -7.34  3.02 -4.48 -3.88  5.27 
utt>    37                   file-38  234    0    48 9  1 2 1.121426e-12 -1.461739e+02 -3.420469e+04
INFO: cmn.c(133): CMN: 53.54  4.03 -6.22 13.92 -13.48 -4.43  5.34 -9.49 -0.68  2.49 -4.64 -1.55  8.91 
utt>    38                   file-39  251    0    48 8  1 2 1.606883e-12 -1.458405e+02 -3.660595e+04
INFO: cmn.c(133): CMN: 55.75  5.57 -7.96 14.52 -17.20 -3.22  6.37 -9.72 -3.68  0.60 -3.77  3.18  4.46 
utt>    39                   file-40  224    0    48 9  1 2 1.990847e-12 -1.463978e+02 -3.279312e+04
INFO: cmn.c(133): CMN: 50.90  1.79 -5.26  8.57 -13.36 -3.90 -2.71 -1.32 -2.17  0.66  1.14 -8.59  7.44 
utt>    40                   file-41  217    0    40 9  1 2 1.476182e-12 -1.492626e+02 -3.238999e+04
INFO: cmn.c(133): CMN: 53.34  3.56 -8.48 13.34 -11.48 -4.91  4.29 -6.14 -1.27 -0.91 -0.09 -1.64  3.66 
utt>    41                   file-42  201    0    40 8  1 2 2.079507e-12 -1.450347e+02 -2.915198e+04
INFO: cmn.c(133): CMN: 51.74  2.96 -8.01 11.26 -10.52 -3.53 -2.92 -3.18  2.15 -5.39 -0.94 -5.68  3.36 
utt>    42                   file-43  221    0    40 9  1 2 1.190914e-12 -1.475836e+02 -3.261598e+04
INFO: cmn.c(133): CMN: 52.79  4.15 -8.20 12.70 -4.85 -5.28 -3.22 -1.22 -1.23 -1.80  0.64 -5.04  1.14 
utt>    43                   file-44  215    0    40 9  1 2 1.592649e-12 -1.461670e+02 -3.142591e+04
INFO: cmn.c(133): CMN: 51.35  4.78 -1.95 12.49 -15.69 -9.63  3.86 -0.68 -0.82 -3.87  0.39  1.95  6.18 
utt>    44                   file-45  206    0    40 9  1 2 1.102101e-12 -1.475177e+02 -3.038864e+04
INFO: cmn.c(133): CMN: 52.54  2.45 -3.82 15.87 -11.88 -7.81 -2.15  2.44  1.93 -6.98 -6.03 -0.39  9.11 
utt>    45                   file-46  206    0    40 8  1 2 8.679778e-13 -1.474643e+02 -3.037765e+04
INFO: cmn.c(133): CMN: 52.24  3.39 -4.10 16.12 -10.13 -3.93 -4.45  1.04  0.81 -4.02 -5.33 -5.80  4.70 
utt>    46                   file-47  222    0    40 9  1 2 1.236888e-12 -1.461836e+02 -3.245275e+04
INFO: cmn.c(133): CMN: 52.21  2.14 -8.90 13.08 -4.57 -0.78 -9.42  3.60  3.05 -1.89  3.73 -6.50  2.57 
utt>    47                   file-48  230    0    40 9  1 2 2.104025e-12 -1.456138e+02 -3.349116e+04
INFO: cmn.c(133): CMN: 53.26  4.07 -8.76 13.37 -10.15 -3.90 -2.80 -4.88 -1.98 -5.00  3.47  0.16  3.44 
utt>    48                   file-49  207    0    40 9  1 2 2.482923e-12 -1.445997e+02 -2.993214e+04
INFO: cmn.c(133): CMN: 52.28  4.06 -6.26 14.86 -10.49 -7.78 -5.52  0.01 -2.31 -6.21 -2.52 -1.61  2.78 
utt>    49                   file-50  216    0    40 8  1 2 2.061513e-12 -1.467344e+02 -3.169463e+04
INFO: cmn.c(133): CMN: 52.33  5.29 -4.24 16.51 -11.83 -2.38 -2.82 -1.92  6.84 -1.81 -5.70 -5.86 10.46 
utt>    50                   file-51  211    0    40 8  1 2 4.213064e-13 -1.463774e+02 -3.088563e+04
INFO: cmn.c(133): CMN: 53.23  0.96 -4.08 12.24 -14.09 -1.96 -7.44 -0.17  5.64 -3.96  0.68 -6.15  9.48 
utt>    51                   file-52  207    0    40 8  1 2 4.372371e-13 -1.468693e+02 -3.040194e+04
INFO: cmn.c(133): CMN: 54.84  4.67 -4.96 11.92 -14.74 -5.67  0.24 -0.15 -3.09  0.65  2.04 -6.45  9.62 
utt>    52                   file-53  197    0    40 8  1 2 2.471563e-12 -1.457424e+02 -2.871124e+04
INFO: cmn.c(133): CMN: 52.86  2.96 -4.57 12.90 -13.26 -0.18 -4.27 -2.82  5.55 -1.24 -4.19 -9.75 11.58 
utt>    53                   file-54  218    0    40 8  1 2 8.823396e-13 -1.473308e+02 -3.211810e+04
INFO: cmn.c(133): CMN: 52.89  2.65 -9.71 15.31 -6.37  1.17 -6.91 -1.22  2.07 -4.74  0.97 -7.06  5.58 
utt>    54                   file-55  233    0    40 9  1 2 1.388700e-12 -1.453273e+02 -3.386125e+04
INFO: cmn.c(133): CMN: 52.46  2.67 -6.26 13.55 -5.54  3.51 -1.71 -1.05  2.29 -0.97 -1.96 -8.20  3.04 
utt>    55                   file-56  225    0    40 9  1 2 1.128088e-12 -1.467698e+02 -3.302321e+04
INFO: cmn.c(133): CMN: 53.60  5.98 -7.95 11.00 -8.27 -5.52 -1.84 -5.76 -2.04  2.33  0.16 -10.34  5.75 
utt>    56                   file-57  207    0    40 8  1 2 1.469994e-12 -1.452659e+02 -3.007004e+04
INFO: cmn.c(133): CMN: 53.80  5.34 -6.67 10.52 -8.62 -2.81 -4.47  3.62  0.02 -0.14  2.02 -7.70 10.06 
utt>    57                   file-58  225    0    40 9  1 2 1.418420e-12 -1.442122e+02 -3.244775e+04
INFO: cmn.c(133): CMN: 53.57  3.11 -6.87 11.29 -13.95 -2.85 -4.44 -3.27  4.87 -2.20  0.97 -7.95 11.82 
utt>    58                   file-59  213    0    40 8  1 2 1.641186e-12 -1.466377e+02 -3.123383e+04
INFO: cmn.c(133): CMN: 55.11  5.18 -7.91 11.41 -13.69 -6.67 -3.73  0.21 -0.72 -2.70  3.13 -11.43 13.34 
utt>    59                   file-60  203    0    40 9  1 2 5.028065e-13 -1.464705e+02 -2.973350e+04
INFO: cmn.c(133): CMN: 55.40  4.35 -6.69 12.60 -12.78  0.55 -4.61 -14.03  4.49 -6.42  1.91 -7.37  2.07 
utt>    60                   file-61  245    0    48 9  1 2 6.275701e-13 -1.494275e+02 -3.660975e+04
INFO: cmn.c(133): CMN: 55.02  3.71 -5.22 13.73 -12.59 -2.99 -9.07 -12.25 -1.08 -9.11  6.95 -8.21  1.97 
utt>    61                   file-62  213    0    48 9  1 2 2.902518e-12 -1.483816e+02 -3.160528e+04
INFO: cmn.c(133): CMN: 55.82  3.96 -7.94  9.57 -17.96  2.84 -1.43 -8.95  0.20 -15.45  2.11 -1.86  4.29 
utt>    62                   file-63  225    0    48 9  1 3 2.579821e-12 -1.483534e+02 -3.337951e+04
INFO: cmn.c(133): CMN: 55.55  3.58 -8.66 10.24 -10.35  3.04 -5.14 -6.95  0.57 -13.90  0.20 -2.86  4.84 
utt>    63                   file-64  219    0    48 9  1 2 1.631760e-12 -1.494478e+02 -3.272908e+04
INFO: cmn.c(133): CMN: 54.61  1.20 -7.48  9.88 -8.40  3.47 -9.37 -12.32  3.61 -12.00  7.69  0.93 -3.15 
utt>    64                   file-65  201    0    48 9  1 3 7.565898e-13 -1.497001e+02 -3.008973e+04
INFO: cmn.c(133): CMN: 55.10  2.07 -6.70  8.06 -14.49  4.32 -5.93 -3.13  7.13 -15.42  4.67 -3.17 -0.75 
utt>    65                   file-66  200    0    48 9  1 3 2.354706e-12 -1.489480e+02 -2.978961e+04
INFO: cmn.c(133): CMN: 53.63  1.66 -8.07  7.44 -12.90  2.70 -7.45 -5.35  6.79 -13.21 -1.13 -3.58  0.06 
utt>    66                   file-67  206    0    48 9  1 2 9.360747e-13 -1.506651e+02 -3.103702e+04
INFO: cmn.c(133): CMN: 54.85  1.95 -8.44  4.51 -16.73  2.56 -2.63 -5.26  7.60 -9.29  4.87 -3.03 -0.89 
utt>    67                   file-68  210    0    48 9  1 2 1.342683e-12 -1.493420e+02 -3.136182e+04
INFO: cmn.c(133): CMN: 54.92  3.53 -8.49  9.02 -12.48 -2.15 -10.59 -10.61  3.05 -13.25  9.26  1.43 -3.30 
utt>    68                   file-69  195    0    48 9  1 3 1.358058e-12 -1.494027e+02 -2.913353e+04
INFO: cmn.c(133): CMN: 54.00 -0.35 -7.72 14.00 -7.99  1.02 -3.53 -6.95 -2.23 -10.16  6.53 -5.58  5.23 
utt>    69                   file-70  207    0    48 8  1 2 3.327980e-12 -1.517518e+02 -3.141263e+04
INFO: cmn.c(133): CMN: 54.61  2.81 -6.25  9.82 -9.77  1.21 -10.96 -14.97  3.44 -17.40  7.23  1.30 -4.32 
utt>    70                   file-71  188    0    48 9  1 2 2.264559e-12 -1.498405e+02 -2.817002e+04
INFO: cmn.c(133): CMN: 53.70  1.23 -7.75 10.10 -9.23  4.99 -6.83 -9.10  2.56 -11.16  8.56 -0.75 -1.03 
utt>    71                   file-72  213    0    48 9  1 2 2.075313e-12 -1.507323e+02 -3.210598e+04
INFO: cmn.c(133): CMN: 55.72  3.96 -5.75 12.20 -10.15 -6.21 -6.76 -3.99 -2.66 -4.99  8.46 -14.08 -0.68 
utt>    72                   file-73  201    0    48 9  1 2 1.696438e-12 -1.521860e+02 -3.058938e+04
INFO: cmn.c(133): CMN: 54.73  3.50 -6.85 13.21 -11.99 -3.78 -6.22 -6.69 -5.59 -4.77  6.79 -4.28  3.06 
utt>    73                   file-74  213    0    48 9  1 2 1.124574e-12 -1.497320e+02 -3.189292e+04
INFO: cmn.c(133): CMN: 54.51  5.12 -7.93 12.42 -11.72 -2.45 -3.65 -5.80 -6.40 -3.01  3.65 -6.69  4.48 
utt>    74                   file-75  216    0    48 9  1 2 1.917738e-12 -1.501699e+02 -3.243671e+04
INFO: cmn.c(133): CMN: 55.96  6.49 -7.92 10.24 -16.83 -5.61 -0.48 -0.78 -2.91 -8.44  0.10 -2.87  6.01 
utt>    75                   file-76  203    0    48 9  1 3 3.091296e-12 -1.499252e+02 -3.043482e+04
INFO: cmn.c(133): CMN: 54.42  2.89 -8.53 12.92 -10.87 -0.97 -9.69 -10.75 -3.96 -6.42  8.34 -5.75  1.47 
utt>    76                   file-77  209    0    48 9  1 2 2.053127e-12 -1.516019e+02 -3.168480e+04
INFO: cmn.c(133): CMN: 56.28  4.07 -6.78 14.66 -11.97 -6.70 -4.21 -8.30 -9.89 -0.26  3.86 -3.97  2.43 
utt>    77                   file-78  204    0    48 9  1 2 1.932560e-12 -1.517660e+02 -3.096027e+04
INFO: cmn.c(133): CMN: 56.23  5.68 -7.25 14.05 -14.42 -5.55 -0.87 -5.33 -8.91 -6.35  3.75 -10.56  4.59 
utt>    78                   file-79  203    0    48 9  1 2 3.765725e-13 -1.499820e+02 -3.044634e+04
INFO: cmn.c(133): CMN: 55.86  4.67 -8.38 10.75 -12.47 -2.46 -1.68 -0.15 -6.26 -2.79  7.28 -7.84  6.03 
utt>    79                   file-80  219    0    48 9  1 3 2.157191e-12 -1.508968e+02 -3.304639e+04
INFO: cmn.c(133): CMN: 58.78  5.16 -14.97 19.59 -20.72 -11.06 -10.14  0.97 -1.54 -14.97  0.15 -2.12 12.10 
utt>    80                   file-81  282    0    64 10  1 2 1.621423e-12 -1.469200e+02 -4.143143e+04
INFO: cmn.c(133): CMN: 57.90  5.25 -11.36 20.63 -21.57 -17.48 -5.31 -5.12 -14.49 -3.80 -4.44 -4.66 19.78 
utt>    81                   file-82  266    0    64 9  1 2 1.138594e-12 -1.488831e+02 -3.960292e+04
INFO: cmn.c(133): CMN: 58.26  5.45 -11.06 20.82 -21.39 -9.49 -10.65 -5.94 -7.92 -12.88  1.16 -2.33 12.33 
utt>    82                   file-83  264    0    64 9  1 2 2.366798e-12 -1.481199e+02 -3.910366e+04
INFO: cmn.c(133): CMN: 57.80  3.65 -12.69 16.09 -23.19 -4.33 -12.37 -9.45 -0.84 -10.83  4.68  1.23  7.76 
utt>    83                   file-84  285    0    64 9  1 2 2.346603e-12 -1.489965e+02 -4.246400e+04
INFO: cmn.c(133): CMN: 57.39  2.64 -12.35 18.88 -22.39 -5.40 -8.78 -8.22 -1.74 -12.47  1.11  3.31  7.87 
utt>    84                   file-85  261    0    64 9  1 2 2.664332e-12 -1.485225e+02 -3.876436e+04
INFO: cmn.c(133): CMN: 58.48  4.88 -12.71 17.18 -21.65 -8.35 -12.82 -6.04 -1.91 -17.62  0.29  2.55  8.82 
utt>    85                   file-86  255    0    64 9  1 2 1.611379e-12 -1.484897e+02 -3.786487e+04
INFO: cmn.c(133): CMN: 56.90  3.21 -12.32 17.18 -22.70 -2.80 -14.42 -9.31  3.43 -13.14  1.42  4.86  4.70 
utt>    86                   file-87  282    0    64 9  1 2 2.527958e-12 -1.497278e+02 -4.222324e+04
INFO: cmn.c(133): CMN: 58.22  4.96 -13.16 16.28 -20.52 -3.29 -12.89 -5.02  3.79 -13.31  4.12  0.53  3.26 
utt>    87                   file-88  270    0    64 10  1 2 2.668202e-12 -1.498655e+02 -4.046367e+04
INFO: cmn.c(133): CMN: 57.58  4.80 -13.09 16.03 -20.82 -4.57 -8.71 -5.01 -0.03 -17.11  2.65  5.30  8.66 
utt>    88                   file-89  273    0    64 9  1 2 2.561416e-12 -1.491353e+02 -4.071393e+04
INFO: cmn.c(133): CMN: 57.28  5.39 -12.99 20.46 -16.22 -8.77 -4.45 -9.11 -5.17 -8.34  3.83 -0.81  6.48 
utt>    89                   file-90  267    0    64 9  1 2 1.289676e-12 -1.478716e+02 -3.948171e+04
INFO: cmn.c(133): CMN: 57.57  6.00 -8.50 19.46 -17.71 -10.70 -7.75 -6.01  2.91 -19.52  3.12  3.43  6.22 
utt>    90                   file-91  257    0    64 9  1 2 1.810356e-12 -1.491479e+02 -3.833101e+04
INFO: cmn.c(133): CMN: 57.17  5.87 -13.21 18.32 -16.67 -8.79 -6.78 -7.43 -0.31 -15.86  1.10  1.41  4.72 
utt>    91                   file-92  267    0    64 9  1 2 2.091961e-12 -1.473289e+02 -3.933681e+04
INFO: cmn.c(133): CMN: 57.91  4.85 -12.90 19.37 -19.12 -9.27 -7.16 -4.76 -3.93 -11.02  2.14  0.27  4.16 
utt>    92                   file-93  267    0    64 9  1 2 2.218088e-12 -1.463981e+02 -3.908830e+04
INFO: cmn.c(133): CMN: 57.29  6.06 -14.02 16.07 -16.65 -2.47 -4.32 -10.64  0.49 -15.94  4.81  4.09  2.90 
utt>    93                   file-94  279    0    64 9  1 2 1.596454e-12 -1.488109e+02 -4.151825e+04
INFO: cmn.c(133): CMN: 57.61  5.21 -13.85 15.63 -20.90 -3.76 -7.91 -3.51 -5.43 -8.31  3.66 -1.80 10.13 
utt>    94                   file-95  282    0    64 9  1 2 2.424245e-12 -1.473184e+02 -4.154379e+04
INFO: cmn.c(133): CMN: 58.71  7.35 -15.93 15.13 -18.32 -7.89 -8.47 -7.84  3.08 -17.77  6.03  1.16  2.90 
utt>    95                   file-96  273    0    64 9  1 2 1.487141e-12 -1.475926e+02 -4.029277e+04
INFO: cmn.c(133): CMN: 57.53  8.40 -10.44 16.47 -15.34 -9.16 -10.75 -3.14  3.61 -12.36  3.89 -1.31  3.70 
utt>    96                   file-97  270    0    64 9  1 2 2.204653e-12 -1.486460e+02 -4.013442e+04
INFO: cmn.c(133): CMN: 58.32  7.24 -16.54 19.86 -17.76 -8.79 -6.71 -9.00  5.53 -13.16  1.92  2.36  6.55 
utt>    97                   file-98  270    0    64 10  1 2 1.083530e-12 -1.486560e+02 -4.013712e+04
INFO: cmn.c(133): CMN: 58.95  6.51 -18.60 16.83 -21.65 -9.05 -5.91 -4.27 -1.33 -17.37  4.35  2.06  2.77 
utt>    98                   file-99  285    0    64 10  1 2 2.420140e-12 -1.463821e+02 -4.171891e+04
INFO: cmn.c(133): CMN: 58.00  5.65 -16.11 13.41 -19.71 -2.00 -7.71 -9.81 -0.35 -15.80  5.17  3.88  4.38 
utt>    99                  file-100  291    0    64 9  1 2 2.456483e-12 -1.472899e+02 -4.286136e+04
INFO: cmn.c(133): CMN: 60.70 12.21 -18.05 20.76 -17.57 -16.92 -12.28 -5.22 -1.54 -9.32  7.36 -4.73  4.98 
utt>   100                  file-101  414    0    88 10  1 2 1.156742e-12 -1.501442e+02 -6.215970e+04
INFO: cmn.c(133): CMN: 60.43 10.00 -16.13 20.29 -17.99 -16.48 -22.07 -8.21 -1.50 -11.11  7.70 -3.20  5.47 
utt>   101                  file-102  404    0    88 9  1 2 1.689938e-12 -1.496167e+02 -6.044513e+04
INFO: cmn.c(133): CMN: 59.06 10.93 -16.63 15.65 -19.44 -18.41 -9.48 -5.02 -9.53 -6.22  3.53 -3.46  8.05 
utt>   102                  file-103  408    0    88 10  1 2 1.470378e-12 -1.506840e+02 -6.147908e+04
INFO: cmn.c(133): CMN: 60.44 10.33 -16.49 17.83 -25.26 -19.93 -8.11 -7.11 -10.51 -2.79 -1.41 -0.89  9.62 
utt>   103                  file-104  390    0    88 10  1 2 1.519309e-12 -1.506289e+02 -5.874525e+04
INFO: cmn.c(133): CMN: 60.69 10.24 -18.32 18.53 -22.10 -14.92 -15.34 -7.11 -3.37 -10.64  8.29 -3.68  5.25 
utt>   104                  file-105  411    0    88 10  1 2 2.772317e-12 -1.507054e+02 -6.193992e+04
INFO: cmn.c(133): CMN: 61.04  9.11 -16.56 19.70 -22.88 -13.77 -17.48 -7.33  3.16 -14.48  6.28  2.14  2.93 
utt>   105                  file-106  405    0    88 10  1 2 1.227495e-12 -1.500148e+02 -6.075600e+04
INFO: cmn.c(133): CMN: 61.22 11.26 -20.68 19.43 -23.63 -16.78 -17.18 -7.60  7.76 -21.34  9.52 -0.94  2.70 
utt>   106                  file-107  395    0    88 10  1 2 2.061000e-12 -1.510743e+02 -5.967433e+04
INFO: cmn.c(133): CMN: 59.71 11.30 -14.69 20.55 -18.96 -18.80 -19.70 -5.85  4.54 -13.00 10.32  1.03  1.82 
utt>   107                  file-108  405    0    88 9  1 2 1.184413e-12 -1.519313e+02 -6.153218e+04
INFO: cmn.c(133): CMN: 60.67  9.00 -16.60 19.72 -25.59 -11.13 -23.72 -4.74  4.35 -21.67 10.80  0.28  5.20 
utt>   108                  file-109  399    0    88 10  1 2 1.844264e-12 -1.500379e+02 -5.986512e+04
INFO: cmn.c(133): CMN: 60.37 11.25 -15.95 21.63 -19.83 -20.42 -22.28 -3.67 -3.19 -11.27  8.82 -5.11  6.27 
utt>   109                  file-110  408    0    88 9  1 2 1.494183e-12 -1.502560e+02 -6.130445e+04
INFO: cmn.c(133): CMN: 60.75 10.92 -18.83 22.20 -21.91 -19.77 -23.40 -10.70  7.51 -19.20  6.40  5.11  0.18 
utt>   110                  file-111  402    0    88 10  1 2 1.406664e-12 -1.508320e+02 -6.063445e+04
INFO: cmn.c(133): CMN: 59.90  9.41 -16.69 25.35 -19.51 -21.51 -18.45 -6.24  2.70 -14.96  7.38  2.63  3.49 
utt>   111                  file-112  420    0    88 9  1 2 1.662518e-12 -1.506882e+02 -6.328905e+04
INFO: cmn.c(133): CMN: 60.64  9.97 -17.93 21.30 -23.91 -16.35 -18.21 -11.87  3.16 -14.81  5.23  4.89  3.24 
utt>   112                  file-113  416    0    88 10  1 2 1.411631e-12 -1.502955e+02 -6.252291e+04
INFO: cmn.c(133): CMN: 61.34 12.28 -17.79 23.63 -21.60 -22.20 -14.67 -3.20 -2.78 -12.63  6.63 -2.98  6.39 
utt>   113                  file-114  405    0    88 10  1 2 1.639001e-12 -1.501325e+02 -6.080366e+04
INFO: cmn.c(133): CMN: 59.13  7.85 -14.72 20.58 -20.61 -14.44 -23.18 -7.50 -0.40 -18.02 12.31  3.94  2.44 
utt>   114                  file-115  431    0    88 9  1 2 1.508712e-12 -1.518121e+02 -6.543101e+04
INFO: cmn.c(133): CMN: 59.92  8.35 -14.19 20.01 -23.88 -12.21 -19.05 -5.64  4.79 -12.07  8.42  2.39  4.67 
utt>   115                  file-116  411    0    88 10  1 2 2.323333e-12 -1.510194e+02 -6.206899e+04
INFO: cmn.c(133): CMN: 61.63 10.05 -19.50 21.37 -22.66 -18.76 -18.88 -7.82  1.29 -18.67 11.85  3.08  5.42 
utt>   116                  file-117  402    0    88 10  1 2 2.513533e-12 -1.507638e+02 -6.060707e+04
INFO: cmn.c(133): CMN: 60.44  8.62 -16.29 24.44 -24.95 -13.30 -23.98 -12.88 11.30 -18.57  9.85  7.66 -2.66 
utt>   117                  file-118  399    0    88 9  1 2 1.640834e-12 -1.502826e+02 -5.996276e+04
INFO: cmn.c(133): CMN: 60.62  8.99 -17.51 23.26 -25.13 -15.44 -20.87 -13.15 10.54 -20.44 10.72  8.00 -1.41 
utt>   118                  file-119  413    0    88 10  1 2 1.793721e-12 -1.498925e+02 -6.190562e+04
INFO: cmn.c(133): CMN: 61.89 10.84 -19.31 18.76 -25.31 -10.86 -20.00 -10.34  4.17 -20.64 11.74  6.71 -0.12 
utt>   119                  file-120  423    0    88 11  1 2 2.505852e-12 -1.500485e+02 -6.347051e+04
overall> stats 35460 (-0) -1.490145e+02 -5.284054e+06

INFO: s3mixw_io.c(233): Wrote E:/Speech/Working/sphinx/simple_pj/bwaccumdir/simple_pj_buff_1/mixw_counts [69x1x1 array]
INFO: s3tmat_io.c(176): Wrote E:/Speech/Working/sphinx/simple_pj/bwaccumdir/simple_pj_buff_1/tmat_counts [23x3x4 array]
INFO: s3gau_io.c(485): Wrote E:/Speech/Working/sphinx/simple_pj/bwaccumdir/simple_pj_buff_1/gauden_counts with means with vars (2pass) [69x1x1 vector arrays]
INFO: main.c(999): Counts saved to E:/Speech/Working/sphinx/simple_pj/bwaccumdir/simple_pj_buff_1
Sat Apr 13 00:05:44 2019
