Current configuration:
[NAME]		[DEFLT]		[VALUE]
-accumdir			E:/Speech/Working/sphinx/simple_pj/bwaccumdir/simple_pj_buff_1
-agc		none		none
-agcthresh	2.0		2.000000e+00
-cepdir				E:/Speech/Working/sphinx/simple_pj/feat
-cepext		mfc		mfc
-ceplen		13		13
-cmn		live		batch
-cmninit	40,3,-1		40,3,-1
-ctlfn				E:/Speech/Working/sphinx/simple_pj/etc/simple_pj_train.fileids
-dictfn				
-example	no		no
-fdictfn			
-feat		1s_c_d_dd	1s_c_d_dd
-fullvar	no		no
-help		no		no
-lda				
-ldadim		0		0
-lsnfn				
-meanfn				E:\Speech\Working\sphinx\simple_pj\model_parameters\simple_pj.ci_cont_flatinitial\globalmean
-moddeffn			
-npart				1
-nskip				0
-part				1
-runlen				0
-scaleseg	no		no
-segdir				
-segext		v8_seg		v8_seg
-svspec				
-ts2cbfn			
-varnorm	no		no

INFO: feat.c(715): Initializing feature stream to type: '1s_c_d_dd', ceplen=13, CMN='batch', VARNORM='no', AGC='none'
INFO: corpus.c(1062): Will process all remaining utts starting at 0
INFO: init_gau.c(145): Computing 1x1x1 variance estimates
INFO: s3gau_io.c(169): Read E:\Speech\Working\sphinx\simple_pj\model_parameters\simple_pj.ci_cont_flatinitial\globalmean [1x1x1 array]
INFO: cmn.c(133): CMN: 58.67 11.02 -12.95 19.90 -20.02 -15.62 -1.16 -0.83 -10.43 -1.76  2.59  0.06  8.04 
INFO: cmn.c(133): CMN: 58.12 10.47 -10.98 20.13 -21.08 -13.97  1.54 -5.62 -8.79 -4.37  3.63  2.25  3.94 
INFO: cmn.c(133): CMN: 57.89 11.09 -12.01 22.24 -19.33 -14.97  0.74 -5.03 -7.04 -2.63  4.23  3.73  4.36 
INFO: cmn.c(133): CMN: 58.36 10.45 -12.14 20.16 -23.38 -14.21  6.63 -5.39 -8.70 -6.14  0.76  1.91  4.90 
INFO: cmn.c(133): CMN: 57.56 11.96 -11.00 16.68 -18.57 -15.40  1.44 -0.69 -10.38 -4.50  4.45  3.62  4.78 
INFO: cmn.c(133): CMN: 57.95 11.86 -11.42 16.53 -19.04 -16.18  0.71 -3.94 -8.98 -8.82  2.06  1.33  5.26 
INFO: cmn.c(133): CMN: 58.52 10.56 -12.76 18.59 -18.33 -15.69 -1.27 -0.48 -8.79 -6.75  2.99  0.89  6.77 
INFO: cmn.c(133): CMN: 58.16 11.39 -13.18 20.52 -18.74 -18.43 -1.73 -2.39 -8.22 -0.62  0.57 -1.21  7.51 
INFO: cmn.c(133): CMN: 58.56  9.99 -10.83 19.87 -25.20 -12.19  1.94 -8.74 -6.71 -7.28  6.32 -0.37  0.45 
INFO: cmn.c(133): CMN: 58.47 10.38 -7.92 21.58 -27.78 -11.04  4.10 -10.57 -4.83 -6.00  7.55  0.58  0.64 
INFO: cmn.c(133): CMN: 59.02 10.44 -15.64 18.44 -21.53 -15.98  2.70 -1.65 -10.50 -4.30  4.73  5.30  5.50 
INFO: cmn.c(133): CMN: 59.12 12.90 -10.04 18.47 -25.30 -15.30  0.70 -7.29 -9.66 -5.15  5.78  5.38  3.67 
INFO: cmn.c(133): CMN: 59.56 12.77 -13.99 21.48 -21.18 -18.62 -1.30 -1.84 -8.01 -1.58  0.33  0.50  7.34 
INFO: cmn.c(133): CMN: 58.31 10.93 -10.51 21.57 -17.90 -17.78 -2.82  1.71 -7.49 -2.53  0.75 -1.81  5.87 
INFO: cmn.c(133): CMN: 57.76 10.09 -12.88 19.11 -19.54 -14.64 -1.52  0.13 -8.78 -2.00  3.83  1.88  6.29 
INFO: cmn.c(133): CMN: 58.99 10.64 -13.13 18.52 -23.69 -17.05 -0.46 -4.03 -8.65 -6.41 -1.52 -0.78  6.93 
INFO: cmn.c(133): CMN: 59.05  9.01 -11.43 24.87 -23.88 -12.84  2.70 -5.84 -6.23 -5.51  2.08  3.46  3.15 
INFO: cmn.c(133): CMN: 58.40 10.51 -9.48 20.44 -25.44 -9.66  1.85 -8.55 -2.29 -10.73  7.25 -1.47  2.50 
INFO: cmn.c(133): CMN: 58.88 11.80 -12.13 18.93 -22.65 -15.41  3.72 -6.37 -7.08 -7.06  6.11  2.94  4.19 
INFO: cmn.c(133): CMN: 58.99 12.68 -13.27 18.61 -20.81 -19.48  1.30 -2.85 -8.85 -4.82  1.01  1.62  6.16 
INFO: cmn.c(133): CMN: 51.58  3.43 -4.51 17.43 -12.73 -10.43  3.06 -1.37 -2.82  0.98 -5.97 -7.96  5.49 
INFO: cmn.c(133): CMN: 53.60  5.48 -7.61 13.71 -18.45 -9.51  9.47 -6.60 -6.57  3.20 -1.58 -2.18  1.96 
INFO: cmn.c(133): CMN: 54.11  5.99 -7.23 14.81 -18.19 -5.53  7.34 -10.73 -1.69  5.38 -0.95 -1.24  2.42 
INFO: cmn.c(133): CMN: 55.56  6.67 -10.24 12.01 -10.76 -6.65  0.80 -2.49 -5.15 -3.18 -0.61 -1.05  7.35 
INFO: cmn.c(133): CMN: 54.46  6.89 -5.88 15.43 -23.76 -8.77 11.57 -11.69 -6.42  3.18 -3.09 -1.20  3.39 
INFO: cmn.c(133): CMN: 54.61  6.07 -7.09 13.76 -16.34 -5.74  6.81 -8.71 -2.49  2.14 -3.72  0.52  4.15 
INFO: cmn.c(133): CMN: 54.47  4.46 -6.75 13.37 -17.16 -3.55  5.45 -8.76 -2.27  1.18 -2.98  0.91  7.13 
INFO: cmn.c(133): CMN: 54.90  6.26 -9.03 14.27 -17.40 -4.72  9.20 -10.74  1.79  1.07 -5.36  0.83  3.87 
INFO: cmn.c(133): CMN: 55.03  5.29 -6.74 14.51 -14.78 -4.65  4.03 -3.39 -4.21  3.13 -4.17  1.17  6.58 
INFO: cmn.c(133): CMN: 54.02  3.30 -7.98 14.53 -13.05 -4.41  1.28 -6.82 -1.34  2.85 -4.03 -5.66  6.72 
INFO: cmn.c(133): CMN: 54.23  4.63 -8.53 14.88 -17.22 -2.62  9.72 -4.82  1.53 -1.10 -3.43  2.34  1.73 
INFO: cmn.c(133): CMN: 54.31  4.81 -7.46 10.98 -13.96 -1.31  4.40 -6.72 -1.51  3.18 -6.16 -0.87  6.80 
INFO: cmn.c(133): CMN: 54.59  4.84 -6.25 11.97 -17.20 -3.11  5.60 -10.26 -6.48  4.58 -3.09  0.25  3.33 
INFO: cmn.c(133): CMN: 53.63  4.57 -7.88 11.24 -9.02 -3.01  4.23 -6.60 -1.63  3.62 -3.83 -0.68  7.85 
INFO: cmn.c(133): CMN: 54.81  4.02 -8.03 14.64 -15.89 -6.57  3.18 -6.79 -4.65  3.99 -3.97 -4.83  8.11 
INFO: cmn.c(133): CMN: 53.51  3.56 -5.49 10.58 -17.79 -3.25  7.18 -9.65 -5.07  9.39 -3.25 -3.10  8.25 
INFO: cmn.c(133): CMN: 55.29  5.18 -6.67 14.59 -18.59 -7.67  8.75 -12.55 -5.33  6.39 -3.20 -1.71  6.00 
INFO: cmn.c(133): CMN: 54.24  3.82 -6.68 16.54 -17.52 -5.64  7.86 -7.63 -7.34  3.02 -4.48 -3.88  5.27 
INFO: cmn.c(133): CMN: 53.54  4.03 -6.22 13.92 -13.48 -4.43  5.34 -9.49 -0.68  2.49 -4.64 -1.55  8.91 
INFO: cmn.c(133): CMN: 55.75  5.57 -7.96 14.52 -17.20 -3.22  6.37 -9.72 -3.68  0.60 -3.77  3.18  4.46 
INFO: cmn.c(133): CMN: 50.90  1.79 -5.26  8.57 -13.36 -3.90 -2.71 -1.32 -2.17  0.66  1.14 -8.59  7.44 
INFO: cmn.c(133): CMN: 53.34  3.56 -8.48 13.34 -11.48 -4.91  4.29 -6.14 -1.27 -0.91 -0.09 -1.64  3.66 
INFO: cmn.c(133): CMN: 51.74  2.96 -8.01 11.26 -10.52 -3.53 -2.92 -3.18  2.15 -5.39 -0.94 -5.68  3.36 
INFO: cmn.c(133): CMN: 52.79  4.15 -8.20 12.70 -4.85 -5.28 -3.22 -1.22 -1.23 -1.80  0.64 -5.04  1.14 
INFO: cmn.c(133): CMN: 51.35  4.78 -1.95 12.49 -15.69 -9.63  3.86 -0.68 -0.82 -3.87  0.39  1.95  6.18 
INFO: cmn.c(133): CMN: 52.54  2.45 -3.82 15.87 -11.88 -7.81 -2.15  2.44  1.93 -6.98 -6.03 -0.39  9.11 
INFO: cmn.c(133): CMN: 52.24  3.39 -4.10 16.12 -10.13 -3.93 -4.45  1.04  0.81 -4.02 -5.33 -5.80  4.70 
INFO: cmn.c(133): CMN: 52.21  2.14 -8.90 13.08 -4.57 -0.78 -9.42  3.60  3.05 -1.89  3.73 -6.50  2.57 
INFO: cmn.c(133): CMN: 53.26  4.07 -8.76 13.37 -10.15 -3.90 -2.80 -4.88 -1.98 -5.00  3.47  0.16  3.44 
INFO: cmn.c(133): CMN: 52.28  4.06 -6.26 14.86 -10.49 -7.78 -5.52  0.01 -2.31 -6.21 -2.52 -1.61  2.78 
INFO: cmn.c(133): CMN: 52.33  5.29 -4.24 16.51 -11.83 -2.38 -2.82 -1.92  6.84 -1.81 -5.70 -5.86 10.46 
INFO: cmn.c(133): CMN: 53.23  0.96 -4.08 12.24 -14.09 -1.96 -7.44 -0.17  5.64 -3.96  0.68 -6.15  9.48 
INFO: cmn.c(133): CMN: 54.84  4.67 -4.96 11.92 -14.74 -5.67  0.24 -0.15 -3.09  0.65  2.04 -6.45  9.62 
INFO: cmn.c(133): CMN: 52.86  2.96 -4.57 12.90 -13.26 -0.18 -4.27 -2.82  5.55 -1.24 -4.19 -9.75 11.58 
INFO: cmn.c(133): CMN: 52.89  2.65 -9.71 15.31 -6.37  1.17 -6.91 -1.22  2.07 -4.74  0.97 -7.06  5.58 
INFO: cmn.c(133): CMN: 52.46  2.67 -6.26 13.55 -5.54  3.51 -1.71 -1.05  2.29 -0.97 -1.96 -8.20  3.04 
INFO: cmn.c(133): CMN: 53.60  5.98 -7.95 11.00 -8.27 -5.52 -1.84 -5.76 -2.04  2.33  0.16 -10.34  5.75 
INFO: cmn.c(133): CMN: 53.80  5.34 -6.67 10.52 -8.62 -2.81 -4.47  3.62  0.02 -0.14  2.02 -7.70 10.06 
INFO: cmn.c(133): CMN: 53.57  3.11 -6.87 11.29 -13.95 -2.85 -4.44 -3.27  4.87 -2.20  0.97 -7.95 11.82 
INFO: cmn.c(133): CMN: 55.11  5.18 -7.91 11.41 -13.69 -6.67 -3.73  0.21 -0.72 -2.70  3.13 -11.43 13.34 
INFO: cmn.c(133): CMN: 55.40  4.35 -6.69 12.60 -12.78  0.55 -4.61 -14.03  4.49 -6.42  1.91 -7.37  2.07 
INFO: cmn.c(133): CMN: 55.02  3.71 -5.22 13.73 -12.59 -2.99 -9.07 -12.25 -1.08 -9.11  6.95 -8.21  1.97 
INFO: cmn.c(133): CMN: 55.82  3.96 -7.94  9.57 -17.96  2.84 -1.43 -8.95  0.20 -15.45  2.11 -1.86  4.29 
INFO: cmn.c(133): CMN: 55.55  3.58 -8.66 10.24 -10.35  3.04 -5.14 -6.95  0.57 -13.90  0.20 -2.86  4.84 
INFO: cmn.c(133): CMN: 54.61  1.20 -7.48  9.88 -8.40  3.47 -9.37 -12.32  3.61 -12.00  7.69  0.93 -3.15 
INFO: cmn.c(133): CMN: 55.10  2.07 -6.70  8.06 -14.49  4.32 -5.93 -3.13  7.13 -15.42  4.67 -3.17 -0.75 
INFO: cmn.c(133): CMN: 53.63  1.66 -8.07  7.44 -12.90  2.70 -7.45 -5.35  6.79 -13.21 -1.13 -3.58  0.06 
INFO: cmn.c(133): CMN: 54.85  1.95 -8.44  4.51 -16.73  2.56 -2.63 -5.26  7.60 -9.29  4.87 -3.03 -0.89 
INFO: cmn.c(133): CMN: 54.92  3.53 -8.49  9.02 -12.48 -2.15 -10.59 -10.61  3.05 -13.25  9.26  1.43 -3.30 
INFO: cmn.c(133): CMN: 54.00 -0.35 -7.72 14.00 -7.99  1.02 -3.53 -6.95 -2.23 -10.16  6.53 -5.58  5.23 
INFO: cmn.c(133): CMN: 54.61  2.81 -6.25  9.82 -9.77  1.21 -10.96 -14.97  3.44 -17.40  7.23  1.30 -4.32 
INFO: cmn.c(133): CMN: 53.70  1.23 -7.75 10.10 -9.23  4.99 -6.83 -9.10  2.56 -11.16  8.56 -0.75 -1.03 
INFO: cmn.c(133): CMN: 55.72  3.96 -5.75 12.20 -10.15 -6.21 -6.76 -3.99 -2.66 -4.99  8.46 -14.08 -0.68 
INFO: cmn.c(133): CMN: 54.73  3.50 -6.85 13.21 -11.99 -3.78 -6.22 -6.69 -5.59 -4.77  6.79 -4.28  3.06 
INFO: cmn.c(133): CMN: 54.51  5.12 -7.93 12.42 -11.72 -2.45 -3.65 -5.80 -6.40 -3.01  3.65 -6.69  4.48 
INFO: cmn.c(133): CMN: 55.96  6.49 -7.92 10.24 -16.83 -5.61 -0.48 -0.78 -2.91 -8.44  0.10 -2.87  6.01 
INFO: cmn.c(133): CMN: 54.42  2.89 -8.53 12.92 -10.87 -0.97 -9.69 -10.75 -3.96 -6.42  8.34 -5.75  1.47 
INFO: cmn.c(133): CMN: 56.28  4.07 -6.78 14.66 -11.97 -6.70 -4.21 -8.30 -9.89 -0.26  3.86 -3.97  2.43 
INFO: cmn.c(133): CMN: 56.23  5.68 -7.25 14.05 -14.42 -5.55 -0.87 -5.33 -8.91 -6.35  3.75 -10.56  4.59 
INFO: cmn.c(133): CMN: 55.86  4.67 -8.38 10.75 -12.47 -2.46 -1.68 -0.15 -6.26 -2.79  7.28 -7.84  6.03 
INFO: cmn.c(133): CMN: 58.78  5.16 -14.97 19.59 -20.72 -11.06 -10.14  0.97 -1.54 -14.97  0.15 -2.12 12.10 
INFO: cmn.c(133): CMN: 57.90  5.25 -11.36 20.63 -21.57 -17.48 -5.31 -5.12 -14.49 -3.80 -4.44 -4.66 19.78 
INFO: cmn.c(133): CMN: 58.26  5.45 -11.06 20.82 -21.39 -9.49 -10.65 -5.94 -7.92 -12.88  1.16 -2.33 12.33 
INFO: cmn.c(133): CMN: 57.80  3.65 -12.69 16.09 -23.19 -4.33 -12.37 -9.45 -0.84 -10.83  4.68  1.23  7.76 
INFO: cmn.c(133): CMN: 57.39  2.64 -12.35 18.88 -22.39 -5.40 -8.78 -8.22 -1.74 -12.47  1.11  3.31  7.87 
INFO: cmn.c(133): CMN: 58.48  4.88 -12.71 17.18 -21.65 -8.35 -12.82 -6.04 -1.91 -17.62  0.29  2.55  8.82 
INFO: cmn.c(133): CMN: 56.90  3.21 -12.32 17.18 -22.70 -2.80 -14.42 -9.31  3.43 -13.14  1.42  4.86  4.70 
INFO: cmn.c(133): CMN: 58.22  4.96 -13.16 16.28 -20.52 -3.29 -12.89 -5.02  3.79 -13.31  4.12  0.53  3.26 
INFO: cmn.c(133): CMN: 57.58  4.80 -13.09 16.03 -20.82 -4.57 -8.71 -5.01 -0.03 -17.11  2.65  5.30  8.66 
INFO: cmn.c(133): CMN: 57.28  5.39 -12.99 20.46 -16.22 -8.77 -4.45 -9.11 -5.17 -8.34  3.83 -0.81  6.48 
INFO: cmn.c(133): CMN: 57.57  6.00 -8.50 19.46 -17.71 -10.70 -7.75 -6.01  2.91 -19.52  3.12  3.43  6.22 
INFO: cmn.c(133): CMN: 57.17  5.87 -13.21 18.32 -16.67 -8.79 -6.78 -7.43 -0.31 -15.86  1.10  1.41  4.72 
INFO: cmn.c(133): CMN: 57.91  4.85 -12.90 19.37 -19.12 -9.27 -7.16 -4.76 -3.93 -11.02  2.14  0.27  4.16 
INFO: cmn.c(133): CMN: 57.29  6.06 -14.02 16.07 -16.65 -2.47 -4.32 -10.64  0.49 -15.94  4.81  4.09  2.90 
INFO: cmn.c(133): CMN: 57.61  5.21 -13.85 15.63 -20.90 -3.76 -7.91 -3.51 -5.43 -8.31  3.66 -1.80 10.13 
INFO: cmn.c(133): CMN: 58.71  7.35 -15.93 15.13 -18.32 -7.89 -8.47 -7.84  3.08 -17.77  6.03  1.16  2.90 
INFO: cmn.c(133): CMN: 57.53  8.40 -10.44 16.47 -15.34 -9.16 -10.75 -3.14  3.61 -12.36  3.89 -1.31  3.70 
INFO: cmn.c(133): CMN: 58.32  7.24 -16.54 19.86 -17.76 -8.79 -6.71 -9.00  5.53 -13.16  1.92  2.36  6.55 
INFO: cmn.c(133): CMN: 58.95  6.51 -18.60 16.83 -21.65 -9.05 -5.91 -4.27 -1.33 -17.37  4.35  2.06  2.77 
[100] INFO: cmn.c(133): CMN: 58.00  5.65 -16.11 13.41 -19.71 -2.00 -7.71 -9.81 -0.35 -15.80  5.17  3.88  4.38 
INFO: cmn.c(133): CMN: 60.70 12.21 -18.05 20.76 -17.57 -16.92 -12.28 -5.22 -1.54 -9.32  7.36 -4.73  4.98 
INFO: cmn.c(133): CMN: 60.43 10.00 -16.13 20.29 -17.99 -16.48 -22.07 -8.21 -1.50 -11.11  7.70 -3.20  5.47 
INFO: cmn.c(133): CMN: 59.06 10.93 -16.63 15.65 -19.44 -18.41 -9.48 -5.02 -9.53 -6.22  3.53 -3.46  8.05 
INFO: cmn.c(133): CMN: 60.44 10.33 -16.49 17.83 -25.26 -19.93 -8.11 -7.11 -10.51 -2.79 -1.41 -0.89  9.62 
INFO: cmn.c(133): CMN: 60.69 10.24 -18.32 18.53 -22.10 -14.92 -15.34 -7.11 -3.37 -10.64  8.29 -3.68  5.25 
INFO: cmn.c(133): CMN: 61.04  9.11 -16.56 19.70 -22.88 -13.77 -17.48 -7.33  3.16 -14.48  6.28  2.14  2.93 
INFO: cmn.c(133): CMN: 61.22 11.26 -20.68 19.43 -23.63 -16.78 -17.18 -7.60  7.76 -21.34  9.52 -0.94  2.70 
INFO: cmn.c(133): CMN: 59.71 11.30 -14.69 20.55 -18.96 -18.80 -19.70 -5.85  4.54 -13.00 10.32  1.03  1.82 
INFO: cmn.c(133): CMN: 60.67  9.00 -16.60 19.72 -25.59 -11.13 -23.72 -4.74  4.35 -21.67 10.80  0.28  5.20 
INFO: cmn.c(133): CMN: 60.37 11.25 -15.95 21.63 -19.83 -20.42 -22.28 -3.67 -3.19 -11.27  8.82 -5.11  6.27 
INFO: cmn.c(133): CMN: 60.75 10.92 -18.83 22.20 -21.91 -19.77 -23.40 -10.70  7.51 -19.20  6.40  5.11  0.18 
INFO: cmn.c(133): CMN: 59.90  9.41 -16.69 25.35 -19.51 -21.51 -18.45 -6.24  2.70 -14.96  7.38  2.63  3.49 
INFO: cmn.c(133): CMN: 60.64  9.97 -17.93 21.30 -23.91 -16.35 -18.21 -11.87  3.16 -14.81  5.23  4.89  3.24 
INFO: cmn.c(133): CMN: 61.34 12.28 -17.79 23.63 -21.60 -22.20 -14.67 -3.20 -2.78 -12.63  6.63 -2.98  6.39 
INFO: cmn.c(133): CMN: 59.13  7.85 -14.72 20.58 -20.61 -14.44 -23.18 -7.50 -0.40 -18.02 12.31  3.94  2.44 
INFO: cmn.c(133): CMN: 59.92  8.35 -14.19 20.01 -23.88 -12.21 -19.05 -5.64  4.79 -12.07  8.42  2.39  4.67 
INFO: cmn.c(133): CMN: 61.63 10.05 -19.50 21.37 -22.66 -18.76 -18.88 -7.82  1.29 -18.67 11.85  3.08  5.42 
INFO: cmn.c(133): CMN: 60.44  8.62 -16.29 24.44 -24.95 -13.30 -23.98 -12.88 11.30 -18.57  9.85  7.66 -2.66 
INFO: cmn.c(133): CMN: 60.62  8.99 -17.51 23.26 -25.13 -15.44 -20.87 -13.15 10.54 -20.44 10.72  8.00 -1.41 
INFO: cmn.c(133): CMN: 61.89 10.84 -19.31 18.76 -25.31 -10.86 -20.00 -10.34  4.17 -20.64 11.74  6.71 -0.12 
INFO: s3gau_io.c(485): Wrote E:/Speech/Working/sphinx/simple_pj/bwaccumdir/simple_pj_buff_1/gauden_counts with vars (2pass) [1x1x1 vector arrays]
Sat Apr 13 00:05:28 2019
