  acmod.c
e:\speech\working\sphinx\pocketsphinx\src\libpocketsphinx\acmod.c(186): warning C4244: '=': conversion from 'double' to 'mfcc_t', possible loss of data
e:\speech\working\sphinx\pocketsphinx\src\libpocketsphinx\acmod.c(191): warning C4244: '=': conversion from 'double' to 'mfcc_t', possible loss of data
e:\speech\working\sphinx\pocketsphinx\src\libpocketsphinx\acmod.c(540): warning C4018: '<': signed/unsigned mismatch
  allphone_search.c
e:\speech\working\sphinx\pocketsphinx\src\libpocketsphinx\allphone_search.c(542): warning C4244: '=': conversion from 'float32' to 'int32', possible loss of data
e:\speech\working\sphinx\pocketsphinx\src\libpocketsphinx\allphone_search.c(601): warning C4244: '=': conversion from 'double' to 'float32', possible loss of data
  bin_mdef.c
e:\speech\working\sphinx\pocketsphinx\src\libpocketsphinx\bin_mdef.c(148): warning C4244: '=': conversion from 'int16' to 'uint8', possible loss of data
e:\speech\working\sphinx\pocketsphinx\src\libpocketsphinx\bin_mdef.c(149): warning C4244: '=': conversion from 'int16' to 'uint8', possible loss of data
e:\speech\working\sphinx\pocketsphinx\src\libpocketsphinx\bin_mdef.c(150): warning C4244: '=': conversion from 'int16' to 'uint8', possible loss of data
  blkarray_list.c
  dict.c
  dict2pid.c
  fsg_history.c
  fsg_lextree.c
  fsg_search.c
e:\speech\working\sphinx\pocketsphinx\src\libpocketsphinx\fsg_search.c(214): warning C4244: '=': conversion from 'float32' to 'int32', possible loss of data
e:\speech\working\sphinx\pocketsphinx\src\libpocketsphinx\fsg_search.c(223): warning C4244: '=': conversion from 'double' to 'float32', possible loss of data
  hmm.c
  kws_detections.c
  kws_search.c
  mdef.c
  ms_gauden.c
  ms_mgau.c
e:\speech\working\sphinx\pocketsphinx\src\libpocketsphinx\ms_mgau.c(136): warning C4018: '>': signed/unsigned mismatch
e:\speech\working\sphinx\pocketsphinx\src\libpocketsphinx\ms_mgau.c(139): warning C4018: '<': signed/unsigned mismatch
e:\speech\working\sphinx\pocketsphinx\src\libpocketsphinx\ms_mgau.c(219): warning C4018: '<': signed/unsigned mismatch
e:\speech\working\sphinx\pocketsphinx\src\libpocketsphinx\ms_mgau.c(227): warning C4018: '<': signed/unsigned mismatch
  ms_senone.c
e:\speech\working\sphinx\pocketsphinx\src\libpocketsphinx\ms_senone.c(118): warning C4018: '<': signed/unsigned mismatch
e:\speech\working\sphinx\pocketsphinx\src\libpocketsphinx\ms_senone.c(224): warning C4018: '<': signed/unsigned mismatch
e:\speech\working\sphinx\pocketsphinx\src\libpocketsphinx\ms_senone.c(225): warning C4018: '<': signed/unsigned mismatch
e:\speech\working\sphinx\pocketsphinx\src\libpocketsphinx\ms_senone.c(240): warning C4018: '<': signed/unsigned mismatch
e:\speech\working\sphinx\pocketsphinx\src\libpocketsphinx\ms_senone.c(314): warning C4018: '<': signed/unsigned mismatch
e:\speech\working\sphinx\pocketsphinx\src\libpocketsphinx\ms_senone.c(325): warning C4018: '<': signed/unsigned mismatch
e:\speech\working\sphinx\pocketsphinx\src\libpocketsphinx\ms_senone.c(376): warning C4018: '<': signed/unsigned mismatch
  ngram_search.c
e:\speech\working\sphinx\pocketsphinx\src\libpocketsphinx\ngram_search.c(93): warning C4090: 'function': different 'const' qualifiers
e:\speech\working\sphinx\pocketsphinx\src\libpocketsphinx\ngram_search.c(136): warning C4244: '=': conversion from 'double' to 'float32', possible loss of data
e:\speech\working\sphinx\pocketsphinx\src\libpocketsphinx\ngram_search.c(721): warning C4244: '=': conversion from 'float32' to 'int32', possible loss of data
e:\speech\working\sphinx\pocketsphinx\src\libpocketsphinx\ngram_search.c(1041): warning C4244: 'function': conversion from 'double' to 'float32', possible loss of data
e:\speech\working\sphinx\pocketsphinx\src\libpocketsphinx\ngram_search.c(1186): warning C4244: '=': conversion from 'float32' to 'int32', possible loss of data
e:\speech\working\sphinx\pocketsphinx\src\libpocketsphinx\ngram_search.c(1242): warning C4244: '=': conversion from 'double' to 'float', possible loss of data
  ngram_search_fwdflat.c
e:\speech\working\sphinx\pocketsphinx\src\libpocketsphinx\ngram_search_fwdflat.c(709): warning C4244: '+=': conversion from 'float32' to 'int32', possible loss of data
  ngram_search_fwdtree.c
  phone_loop_search.c
e:\speech\working\sphinx\pocketsphinx\src\libpocketsphinx\phone_loop_search.c(230): warning C4244: '=': conversion from 'float64' to 'int32', possible loss of data
  Generating Code...
  Compiling...
  pocketsphinx.c
e:\speech\working\sphinx\pocketsphinx\src\libpocketsphinx\pocketsphinx.c(298): warning C4244: '=': conversion from 'float32' to 'int32', possible loss of data
e:\speech\working\sphinx\pocketsphinx\src\libpocketsphinx\pocketsphinx.c(318): warning C4244: 'function': conversion from 'int32' to 'float32', possible loss of data
  ps_lattice.c
e:\speech\working\sphinx\pocketsphinx\src\libpocketsphinx\ps_lattice.c(452): warning C4244: 'initializing': conversion from 'float64' to 'float32', possible loss of data
e:\speech\working\sphinx\pocketsphinx\src\libpocketsphinx\ps_lattice.c(1248): warning C4244: '+=': conversion from 'float32' to 'int32', possible loss of data
e:\speech\working\sphinx\pocketsphinx\src\libpocketsphinx\ps_lattice.c(1291): warning C4244: '+=': conversion from 'float32' to 'int32', possible loss of data
e:\speech\working\sphinx\pocketsphinx\src\libpocketsphinx\ps_lattice.c(1325): warning C4244: '+=': conversion from 'float32' to 'int32', possible loss of data
e:\speech\working\sphinx\pocketsphinx\src\libpocketsphinx\ps_lattice.c(1328): warning C4244: '+=': conversion from 'float32' to 'int32', possible loss of data
e:\speech\working\sphinx\pocketsphinx\src\libpocketsphinx\ps_lattice.c(1378): warning C4244: '+=': conversion from 'float32' to 'int32', possible loss of data
e:\speech\working\sphinx\pocketsphinx\src\libpocketsphinx\ps_lattice.c(1400): warning C4244: '=': conversion from 'float32' to 'int32', possible loss of data
e:\speech\working\sphinx\pocketsphinx\src\libpocketsphinx\ps_lattice.c(1437): warning C4244: '+=': conversion from 'float32' to 'int32', possible loss of data
e:\speech\working\sphinx\pocketsphinx\src\libpocketsphinx\ps_lattice.c(1507): warning C4244: '=': conversion from 'float32' to 'int32', possible loss of data
e:\speech\working\sphinx\pocketsphinx\src\libpocketsphinx\ps_lattice.c(1514): warning C4244: 'function': conversion from 'float32' to 'int', possible loss of data
e:\speech\working\sphinx\pocketsphinx\src\libpocketsphinx\ps_lattice.c(1597): warning C4244: '+=': conversion from 'float32' to 'int32', possible loss of data
e:\speech\working\sphinx\pocketsphinx\src\libpocketsphinx\ps_lattice.c(1682): warning C4244: '+=': conversion from 'float32' to 'int32', possible loss of data
e:\speech\working\sphinx\pocketsphinx\src\libpocketsphinx\ps_lattice.c(1688): warning C4244: '+=': conversion from 'float32' to 'int32', possible loss of data
e:\speech\working\sphinx\pocketsphinx\src\libpocketsphinx\ps_lattice.c(1759): warning C4244: '=': conversion from 'float32' to 'int32', possible loss of data
  ps_mllr.c
  ptm_mgau.c
e:\speech\working\sphinx\pocketsphinx\src\libpocketsphinx\ptm_mgau.c(844): warning C4244: '=': conversion from 'int16' to 'uint8', possible loss of data
  s2_semi_mgau.c
  tmat.c
  vector.c
e:\speech\working\sphinx\pocketsphinx\src\libpocketsphinx\vector.c(102): warning C4244: '*=': conversion from 'float64' to 'float32', possible loss of data
  Generating Code...
     Creating library ..\..\bin\Release\Win32/pocketsphinx.lib and object ..\..\bin\Release\Win32/pocketsphinx.exp
  pocketsphinx.vcxproj -> E:\Speech\Working\sphinx\pocketsphinx\\bin\Release\Win32\pocketsphinx.dll
